<?xml version="1.0" encoding="UTF-8"?>
<!-- Generated by org.testng.reporters.JUnitReportReporter -->
<testsuite skipped="0" hostname="VENKAT" name="pomTests.ProdSearchTest" tests="1" failures="0" timestamp="2020-06-12T11:01:41 IST" time="40.846" errors="0">
  <testcase name="Search" time="40.846" classname="pomTests.ProdSearchTest"/>
</testsuite> <!-- pomTests.ProdSearchTest -->
