<?xml version="1.0" encoding="UTF-8"?>
<!-- Generated by org.testng.reporters.JUnitReportReporter -->
<testsuite skipped="0" hostname="VENKAT" name="pomTests.ProdCatSearchTest" tests="1" failures="0" timestamp="2020-06-12T11:06:00 IST" time="73.661" errors="0">
  <testcase name="CatSearch" time="73.661" classname="pomTests.ProdCatSearchTest"/>
</testsuite> <!-- pomTests.ProdCatSearchTest -->
