<?xml version="1.0" encoding="UTF-8"?>
<!-- Generated by org.testng.reporters.JUnitReportReporter -->
<testsuite skipped="0" hostname="VENKAT" name="hybridFrameworkDemos.HybridProdSearchTest" tests="2" failures="0" timestamp="2020-06-17T11:42:31 IST" time="90.775" errors="0">
  <testcase name="Search" time="43.960" classname="hybridFrameworkDemos.HybridProdSearchTest"/>
  <testcase name="Search" time="46.815" classname="hybridFrameworkDemos.HybridProdSearchTest"/>
</testsuite> <!-- hybridFrameworkDemos.HybridProdSearchTest -->
