<?xml version="1.0" encoding="UTF-8"?>
<!-- Generated by org.testng.reporters.JUnitReportReporter -->
<testsuite skipped="0" hostname="VENKAT" name="dataDrivenFrameworkDemos.DDFProdSearchTest" tests="2" failures="0" timestamp="2020-06-16T11:21:38 IST" time="85.896" errors="0">
  <testcase name="Search" time="43.797" classname="dataDrivenFrameworkDemos.DDFProdSearchTest"/>
  <testcase name="Search" time="42.099" classname="dataDrivenFrameworkDemos.DDFProdSearchTest"/>
</testsuite> <!-- dataDrivenFrameworkDemos.DDFProdSearchTest -->
