<?xml version="1.0" encoding="UTF-8"?>
<!-- Generated by org.testng.reporters.JUnitReportReporter -->
<testsuite skipped="0" hostname="VENKAT" name="pomTests.POMProdSearchTest" tests="1" failures="0" timestamp="2020-06-12T11:31:02 IST" time="82.892" errors="0">
  <testcase name="Search" time="82.892" classname="pomTests.POMProdSearchTest"/>
</testsuite> <!-- pomTests.POMProdSearchTest -->
