<?xml version="1.0" encoding="UTF-8"?>
<!-- Generated by org.testng.reporters.JUnitReportReporter -->
<testsuite skipped="0" hostname="VENKAT" name="pomTests.POMProdCatSearchTest" tests="1" failures="0" timestamp="2020-06-12T11:37:00 IST" time="116.981" errors="0">
  <testcase name="CatSearch" time="116.981" classname="pomTests.POMProdCatSearchTest"/>
</testsuite> <!-- pomTests.POMProdCatSearchTest -->
