<?xml version="1.0" encoding="UTF-8"?>
<!-- Generated by org.testng.reporters.JUnitReportReporter -->
<testsuite skipped="0" hostname="VENKAT" name="keywordDrivenFrameworkDemos.MyTest" tests="1" failures="0" timestamp="2020-06-18T12:01:42 IST" time="48.510" errors="0">
  <testcase name="SampleTest" time="48.510" classname="keywordDrivenFrameworkDemos.MyTest"/>
</testsuite> <!-- keywordDrivenFrameworkDemos.MyTest -->
