<?xml version="1.0" encoding="UTF-8"?>
<!-- Generated by org.testng.reporters.JUnitReportReporter -->
<testsuite skipped="0" hostname="VENKAT" name="dataDrivenFrameworkDemos.DDFDBTest" tests="2" failures="0" timestamp="2020-06-22T12:01:00 IST" time="240.926" errors="0">
  <testcase name="CatSearch" time="149.286" classname="dataDrivenFrameworkDemos.DDFDBTest"/>
  <testcase name="CatSearch" time="91.640" classname="dataDrivenFrameworkDemos.DDFDBTest"/>
</testsuite> <!-- dataDrivenFrameworkDemos.DDFDBTest -->
