<?xml version="1.0" encoding="UTF-8"?>
<!-- Generated by org.testng.reporters.JUnitReportReporter -->
<testsuite skipped="0" hostname="VENKAT" name="dataDrivenFrameworkDemos.DDFProdCatSearchTest" tests="2" failures="0" timestamp="2020-06-16T11:31:29 IST" time="152.273" errors="0">
  <testcase name="CatSearch" time="95.878" classname="dataDrivenFrameworkDemos.DDFProdCatSearchTest"/>
  <testcase name="CatSearch" time="56.395" classname="dataDrivenFrameworkDemos.DDFProdCatSearchTest"/>
</testsuite> <!-- dataDrivenFrameworkDemos.DDFProdCatSearchTest -->
