<?xml version="1.0" encoding="UTF-8"?>
<!-- Generated by org.testng.reporters.JUnitReportReporter -->
<testsuite skipped="0" hostname="VENKAT" name="myDemos.MyTest1" tests="1" failures="0" timestamp="2020-07-01T18:51:14 IST" time="70.969" errors="0">
  <testcase name="Search" time="70.969" classname="myDemos.MyTest1"/>
</testsuite> <!-- myDemos.MyTest1 -->
