<?xml version="1.0" encoding="UTF-8"?>
<!-- Generated by org.testng.reporters.JUnitReportReporter -->
<testsuite skipped="0" hostname="VENKAT" name="hybridFrameworkDemos.HybridProdCatSearchTest" tests="2" failures="0" timestamp="2020-06-17T11:48:47 IST" time="168.128" errors="0">
  <testcase name="CatSearch" time="104.709" classname="hybridFrameworkDemos.HybridProdCatSearchTest"/>
  <testcase name="CatSearch" time="63.419" classname="hybridFrameworkDemos.HybridProdCatSearchTest"/>
</testsuite> <!-- hybridFrameworkDemos.HybridProdCatSearchTest -->
